2025-04-04T15:29:43.734+0300	[31mERROR[0m	middleware/token_auth.go:40	Попытка доступа без токена: GET /favicon.ico
2025-04-04T15:31:09.830+0300	[31mERROR[0m	middleware/token_auth.go:40	Попытка доступа без токена: GET /favicon.ico
2025-04-04T15:35:34.472+0300	[31mERROR[0m	middleware/token_auth.go:40	Попытка доступа без токена: GET /favicon.ico
2025-04-04T15:35:46.664+0300	[31mERROR[0m	middleware/token_auth.go:40	Попытка доступа без токена: GET /favicon.ico
2025-04-04T15:46:39.050+0300	[31mERROR[0m	middleware/token_auth.go:40	Попытка доступа без токена: GET /favicon.ico
2025-04-04T15:48:11.461+0300	[31mERROR[0m	middleware/token_auth.go:40	Попытка доступа без токена: GET /favicon.ico
2025-04-04T15:48:18.772+0300	[31mERROR[0m	middleware/token_auth.go:40	Попытка доступа без токена: GET /favicon.ico
2025-04-04T15:50:50.875+0300	[31mERROR[0m	middleware/token_auth.go:40	Попытка доступа без токена: GET /favicon.ico
2025-04-04T15:50:54.438+0300	[31mERROR[0m	middleware/token_auth.go:40	Попытка доступа без токена: GET /favicon.ico
2025-04-04T15:50:58.071+0300	[31mERROR[0m	middleware/token_auth.go:40	Попытка доступа без токена: GET /favicon.ico
2025-04-04T15:56:21.575+0300	[31mERROR[0m	middleware/token_auth.go:40	Попытка доступа без токена: GET /favicon.ico
2025-04-04T17:22:31.458+0300	[31mERROR[0m	middleware/token_auth.go:40	Попытка доступа без токена: GET /favicon.ico
2025-04-04T17:22:32.101+0300	[31mERROR[0m	middleware/token_auth.go:40	Попытка доступа без токена: GET /favicon.ico
2025-04-04T17:22:33.074+0300	[31mERROR[0m	middleware/token_auth.go:40	Попытка доступа без токена: GET /favicon.ico
2025-04-04T17:22:33.715+0300	[31mERROR[0m	middleware/token_auth.go:40	Попытка доступа без токена: GET /favicon.ico
2025-04-04T17:22:35.024+0300	[31mERROR[0m	middleware/token_auth.go:40	Попытка доступа без токена: GET /favicon.ico
2025-04-04T17:22:35.527+0300	[31mERROR[0m	middleware/token_auth.go:40	Попытка доступа без токена: GET /favicon.ico
2025-04-04T17:22:38.635+0300	[31mERROR[0m	middleware/token_auth.go:40	Попытка доступа без токена: GET /favicon.ico
2025-04-04T17:23:23.415+0300	[31mERROR[0m	middleware/token_auth.go:40	Попытка доступа без токена: GET /favicon.ico
2025-04-04T17:23:27.670+0300	[31mERROR[0m	middleware/token_auth.go:40	Попытка доступа без токена: GET /favicon.ico
2025-04-04T17:23:28.201+0300	[31mERROR[0m	middleware/token_auth.go:40	Попытка доступа без токена: GET /favicon.ico
2025-04-04T17:23:31.850+0300	[31mERROR[0m	admin/handlers.go:788	Неверный формат ID пользователя: invalid UUID length: 0
2025-04-04T17:23:48.234+0300	[31mERROR[0m	middleware/token_auth.go:40	Попытка доступа без токена: GET /favicon.ico
2025-04-04T17:23:52.931+0300	[31mERROR[0m	middleware/token_auth.go:40	Попытка доступа без токена: GET /favicon.ico
2025-04-04T17:24:25.239+0300	[31mERROR[0m	middleware/token_auth.go:40	Попытка доступа без токена: GET /favicon.ico
2025-04-04T17:24:26.517+0300	[31mERROR[0m	middleware/token_auth.go:40	Попытка доступа без токена: GET /favicon.ico
2025-04-04T17:26:43.689+0300	[31mERROR[0m	telegrambot/userbot.go:403	Ошибка применения кода: user code usage limit exceeded
2025-04-04T18:56:25.930+0300	[31mERROR[0m	loyalityserver/main.go:50	Failed to initialize storage: unable to ping database: failed to connect to `user=goomer125 database=`: /private/tmp/.s.PGSQL.5432 (/private/tmp): server error: FATAL: database "goomer125" does not exist (SQLSTATE 3D000)
2025-04-04T18:56:50.690+0300	[31mERROR[0m	loyalityserver/main.go:50	Failed to initialize storage: unable to ping database: failed to connect to `user=postgres database=loyality_system`: 127.0.0.1:5432 (localhost): server error: FATAL: database "loyality_system" does not exist (SQLSTATE 3D000)
2025-04-04T19:13:00.718+0300	[31mERROR[0m	middleware/token_auth.go:40	Попытка доступа без токена: GET /favicon.ico
2025-04-04T19:13:06.619+0300	[31mERROR[0m	admin/handlers.go:240	Ошибка инициализации пароля: ошибка записи хеша пароля: open ./data/admin_password.hash: no such file or directory
2025-04-04T19:13:12.331+0300	[31mERROR[0m	admin/handlers.go:240	Ошибка инициализации пароля: ошибка записи хеша пароля: open ./data/admin_password.hash: no such file or directory
2025-04-04T19:13:25.148+0300	[31mERROR[0m	admin/handlers.go:240	Ошибка инициализации пароля: ошибка записи хеша пароля: open ./data/admin_password.hash: no such file or directory
2025-04-04T19:14:10.941+0300	[31mERROR[0m	admin/handlers.go:240	Ошибка инициализации пароля: ошибка записи хеша пароля: open ./data/admin_password.hash: no such file or directory
2025-04-04T19:14:14.968+0300	[31mERROR[0m	admin/handlers.go:240	Ошибка инициализации пароля: ошибка записи хеша пароля: open ./data/admin_password.hash: no such file or directory
2025-04-04T19:16:20.693+0300	[31mERROR[0m	middleware/token_auth.go:40	Попытка доступа без токена: GET /favicon.ico
2025-04-04T19:16:22.336+0300	[31mERROR[0m	middleware/token_auth.go:40	Попытка доступа без токена: GET /favicon.ico
2025-04-04T19:16:25.486+0300	[31mERROR[0m	middleware/token_auth.go:40	Попытка доступа без токена: GET /favicon.ico
2025-04-04T19:16:28.072+0300	[31mERROR[0m	middleware/token_auth.go:40	Попытка доступа без токена: GET /favicon.ico
2025-04-04T19:16:30.214+0300	[31mERROR[0m	middleware/token_auth.go:40	Попытка доступа без токена: GET /favicon.ico
2025-04-04T20:56:56.897+0300	[31mERROR[0m	telegrambot/userbot.go:384	Ошибка декодирования ответа API: invalid character '\x1f' looking for beginning of value
2025-04-04T20:57:02.117+0300	[31mERROR[0m	telegrambot/userbot.go:384	Ошибка декодирования ответа API: invalid character '\x1f' looking for beginning of value
2025-04-04T21:05:19.202+0300	[31mERROR[0m	telegrambot/userbot.go:280	Ошибка декодирования ответа API: invalid character '\x1f' looking for beginning of value
2025-04-04T21:05:25.008+0300	[31mERROR[0m	telegrambot/userbot.go:384	Ошибка декодирования ответа API: invalid character '\x1f' looking for beginning of value
2025-04-04T21:36:50.563+0300	[31mERROR[0m	middleware/token_auth.go:40	Попытка доступа без токена: GET /favicon.ico
2025-04-04T21:36:54.814+0300	[31mERROR[0m	middleware/token_auth.go:40	Попытка доступа без токена: GET /favicon.ico
2025-04-04T21:37:00.383+0300	[31mERROR[0m	middleware/token_auth.go:40	Попытка доступа без токена: GET /favicon.ico
2025-04-04T21:38:09.878+0300	[31mERROR[0m	middleware/token_auth.go:40	Попытка доступа без токена: GET /favicon.ico
2025-04-04T21:44:30.280+0300	[31mERROR[0m	handlers/handlers.go:141	Error adding user: failed to add user: UNIQUE constraint failed: users.telegramm
2025-04-04T21:44:30.281+0300	[31mERROR[0m	telegrambot/userbot.go:360	Ошибка добавления пользователя через API: ошибка API (500): Error adding user

2025-04-04T21:44:37.412+0300	[31mERROR[0m	handlers/handlers.go:141	Error adding user: failed to add user: UNIQUE constraint failed: users.telegramm
2025-04-04T21:44:37.413+0300	[31mERROR[0m	telegrambot/userbot.go:360	Ошибка добавления пользователя через API: ошибка API (500): Error adding user

2025-04-04T21:44:49.678+0300	[31mERROR[0m	handlers/handlers.go:141	Error adding user: failed to add user: UNIQUE constraint failed: users.telegramm
2025-04-04T21:44:49.679+0300	[31mERROR[0m	telegrambot/userbot.go:360	Ошибка добавления пользователя через API: ошибка API (500): Error adding user

2025-04-04T21:53:29.701+0300	[31mERROR[0m	middleware/token_auth.go:40	Попытка доступа без токена: GET /favicon.ico
2025-04-04T22:09:23.930+0300	[31mERROR[0m	handlers/handlers.go:141	Error adding user: failed to add user: UNIQUE constraint failed: users.telegramm
2025-04-04T22:09:23.931+0300	[31mERROR[0m	telegrambot/userbot.go:483	Ошибка добавления пользователя через API: ошибка API (500): Error adding user

2025-04-04T22:47:30.669+0300	[31mERROR[0m	middleware/token_auth.go:40	Попытка доступа без токена: GET /favicon.ico
2025-04-04T22:48:03.452+0300	[31mERROR[0m	middleware/token_auth.go:40	Попытка доступа без токена: GET /favicon.ico
